# JRE version: OpenJDK Runtime Environment (17.0.7) (build 17.0.7+0-b2043.56-10550314)
# Java VM: OpenJDK 64-Bit Server VM (17.0.7+0-b2043.56-10550314, mixed mode, tiered, compressed oops, compressed class ptrs, g1 gc, windows-amd64)
GC Precious Log:
 CPUs: 8 total, 8 available
 Memory: 16167M
 Large Page Support: Disabled
 NUMA Support: Disabled
 Compressed Oops: Enabled (32-bit)
 Heap Region Size: 1M
 Heap Min Capacity: 8M
 Heap Initial Capacity: 254M
 Heap Max Capacity: 2G
 Pre-touch: Disabled
 Parallel Workers: 8
 Concurrent Workers: 2
 Concurrent Refinement Workers: 8
 Periodic GC: Disabled
Heap:
 garbage-first heap   total 460800K, used 143565K [0x0000000080000000, 0x0000000100000000)
  region size 1024K, 7 young (7168K), 7 survivors (7168K)
 Metaspace       used 154729K, committed 156480K, reserved 1245184K
  class space    used 20108K, committed 20992K, reserved 1048576K
GC Heap History (20 events):
Event: 28765.778 GC heap after
{Heap after GC invocations=231 (full 0):
 garbage-first heap   total 460800K, used 125798K [0x0000000080000000, 0x0000000100000000)
  region size 1024K, 3 young (3072K), 3 survivors (3072K)
 Metaspace       used 154377K, committed 156160K, reserved 1245184K
  class space    used 20111K, committed 20992K, reserved 1048576K
}
Event: 28765.991 GC heap before
{Heap before GC invocations=231 (full 0):
 garbage-first heap   total 460800K, used 180070K [0x0000000080000000, 0x0000000100000000)
  region size 1024K, 58 young (59392K), 3 survivors (3072K)
 Metaspace       used 154414K, committed 156224K, reserved 1245184K
  class space    used 20111K, committed 20992K, reserved 1048576K
}
Event: 28765.996 GC heap after
{Heap after GC invocations=232 (full 0):
 garbage-first heap   total 460800K, used 131239K [0x0000000080000000, 0x0000000100000000)
  region size 1024K, 9 young (9216K), 9 survivors (9216K)
 Metaspace       used 154414K, committed 156224K, reserved 1245184K
  class space    used 20111K, committed 20992K, reserved 1048576K
}
Event: 29165.558 GC heap before
{Heap before GC invocations=233 (full 0):
 garbage-first heap   total 460800K, used 379047K [0x0000000080000000, 0x0000000100000000)
  region size 1024K, 222 young (227328K), 9 survivors (9216K)
 Metaspace       used 154478K, committed 156224K, reserved 1245184K
  class space    used 20112K, committed 20992K, reserved 1048576K
}
Event: 29165.571 GC heap after
{Heap after GC invocations=234 (full 0):
 garbage-first heap   total 460800K, used 141939K [0x0000000080000000, 0x0000000100000000)
  region size 1024K, 20 young (20480K), 20 survivors (20480K)
 Metaspace       used 154478K, committed 156224K, reserved 1245184K
  class space    used 20112K, committed 20992K, reserved 1048576K
}
Event: 29165.577 GC heap before
{Heap before GC invocations=234 (full 0):
 garbage-first heap   total 460800K, used 142963K [0x0000000080000000, 0x0000000100000000)
  region size 1024K, 22 young (22528K), 20 survivors (20480K)
 Metaspace       used 154478K, committed 156224K, reserved 1245184K
  class space    used 20112K, committed 20992K, reserved 1048576K
}
Event: 29165.592 GC heap after
{Heap after GC invocations=235 (full 0):
 garbage-first heap   total 460800K, used 135713K [0x0000000080000000, 0x0000000100000000)
  region size 1024K, 1 young (1024K), 1 survivors (1024K)
 Metaspace       used 154478K, committed 156224K, reserved 1245184K
  class space    used 20112K, committed 20992K, reserved 1048576K
}
Event: 29165.674 GC heap before
{Heap before GC invocations=235 (full 0):
 garbage-first heap   total 460800K, used 168481K [0x0000000080000000, 0x0000000100000000)
  region size 1024K, 35 young (35840K), 1 survivors (1024K)
 Metaspace       used 154481K, committed 156224K, reserved 1245184K
  class space    used 20112K, committed 20992K, reserved 1048576K
}
Event: 29165.676 GC heap after
{Heap after GC invocations=236 (full 0):
 garbage-first heap   total 460800K, used 137761K [0x0000000080000000, 0x0000000100000000)
  region size 1024K, 3 young (3072K), 3 survivors (3072K)
 Metaspace       used 154481K, committed 156224K, reserved 1245184K
  class space    used 20112K, committed 20992K, reserved 1048576K
}
Event: 29397.617 GC heap before
{Heap before GC invocations=237 (full 0):
 garbage-first heap   total 460800K, used 382976K [0x0000000080000000, 0x0000000100000000)
  region size 1024K, 225 young (230400K), 3 survivors (3072K)
 Metaspace       used 154573K, committed 156352K, reserved 1245184K
  class space    used 20115K, committed 20992K, reserved 1048576K
}
Event: 29397.625 GC heap after
{Heap after GC invocations=238 (full 0):
 garbage-first heap   total 460800K, used 156236K [0x0000000080000000, 0x0000000100000000)
  region size 1024K, 21 young (21504K), 21 survivors (21504K)
 Metaspace       used 154573K, committed 156352K, reserved 1245184K
  class space    used 20115K, committed 20992K, reserved 1048576K
}
Event: 29397.626 GC heap before
{Heap before GC invocations=238 (full 0):
 garbage-first heap   total 460800K, used 157260K [0x0000000080000000, 0x0000000100000000)
  region size 1024K, 22 young (22528K), 21 survivors (21504K)
 Metaspace       used 154573K, committed 156352K, reserved 1245184K
  class space    used 20115K, committed 20992K, reserved 1048576K
}
Event: 29397.635 GC heap after
{Heap after GC invocations=239 (full 0):
 garbage-first heap   total 460800K, used 144055K [0x0000000080000000, 0x0000000100000000)
  region size 1024K, 3 young (3072K), 3 survivors (3072K)
 Metaspace       used 154573K, committed 156352K, reserved 1245184K
  class space    used 20115K, committed 20992K, reserved 1048576K
}
Event: 29397.675 GC heap before
{Heap before GC invocations=239 (full 0):
 garbage-first heap   total 460800K, used 165559K [0x0000000080000000, 0x0000000100000000)
  region size 1024K, 25 young (25600K), 3 survivors (3072K)
 Metaspace       used 154574K, committed 156352K, reserved 1245184K
  class space    used 20115K, committed 20992K, reserved 1048576K
}
Event: 29397.681 GC heap after
{Heap after GC invocations=240 (full 0):
 garbage-first heap   total 460800K, used 152031K [0x0000000080000000, 0x0000000100000000)
  region size 1024K, 11 young (11264K), 11 survivors (11264K)
 Metaspace       used 154574K, committed 156352K, reserved 1245184K
  class space    used 20115K, committed 20992K, reserved 1048576K
}
Event: 29398.751 GC heap before
{Heap before GC invocations=241 (full 0):
 garbage-first heap   total 460800K, used 290271K [0x0000000080000000, 0x0000000100000000)
  region size 1024K, 131 young (134144K), 11 survivors (11264K)
 Metaspace       used 154568K, committed 156352K, reserved 1245184K
  class space    used 20108K, committed 20992K, reserved 1048576K
}
Event: 29398.757 GC heap after
{Heap after GC invocations=242 (full 0):
 garbage-first heap   total 460800K, used 149255K [0x0000000080000000, 0x0000000100000000)
  region size 1024K, 6 young (6144K), 6 survivors (6144K)
 Metaspace       used 154568K, committed 156352K, reserved 1245184K
  class space    used 20108K, committed 20992K, reserved 1048576K
}
Event: 29398.765 GC heap before
{Heap before GC invocations=242 (full 0):
 garbage-first heap   total 460800K, used 164615K [0x0000000080000000, 0x0000000100000000)
  region size 1024K, 22 young (22528K), 6 survivors (6144K)
 Metaspace       used 154569K, committed 156352K, reserved 1245184K
  class space    used 20108K, committed 20992K, reserved 1048576K
}
Event: 29398.770 GC heap after
{Heap after GC invocations=243 (full 0):
 garbage-first heap   total 460800K, used 139612K [0x0000000080000000, 0x0000000100000000)
  region size 1024K, 3 young (3072K), 3 survivors (3072K)
 Metaspace       used 154569K, committed 156352K, reserved 1245184K
  class space    used 20108K, committed 20992K, reserved 1048576K
}
Event: 29398.843 GC heap before
{Heap before GC invocations=243 (full 0):
 garbage-first heap   total 460800K, used 192860K [0x0000000080000000, 0x0000000100000000)
  region size 1024K, 57 young (58368K), 3 survivors (3072K)
 Metaspace       used 154729K, committed 156480K, reserved 1245184K
  class space    used 20108K, committed 20992K, reserved 1048576K
}

