# JRE version: OpenJDK Runtime Environment (17.0.7) (build 17.0.7+0-b2043.56-10550314)
# Java VM: OpenJDK 64-Bit Server VM (17.0.7+0-b2043.56-10550314, mixed mode, tiered, compressed oops, compressed class ptrs, g1 gc, windows-amd64)
GC Precious Log:
 CPUs: 8 total, 8 available
 Memory: 16167M
 Large Page Support: Disabled
 NUMA Support: Disabled
 Compressed Oops: Enabled (32-bit)
 Heap Region Size: 1M
 Heap Min Capacity: 8M
 Heap Initial Capacity: 254M
 Heap Max Capacity: 2G
 Pre-touch: Disabled
 Parallel Workers: 8
 Concurrent Workers: 2
 Concurrent Refinement Workers: 8
 Periodic GC: Disabled
Heap:
 garbage-first heap   total 496640K, used 130048K [0x0000000080000000, 0x0000000100000000)
  region size 1024K, 18 young (18432K), 2 survivors (2048K)
 Metaspace       used 127012K, committed 127744K, reserved 1179648K
  class space    used 17645K, committed 17984K, reserved 1048576K
GC Heap History (20 events):
Event: 2086.440 GC heap before
{Heap before GC invocations=47 (full 0):
 garbage-first heap   total 215040K, used 177890K [0x0000000080000000, 0x0000000100000000)
  region size 1024K, 70 young (71680K), 1 survivors (1024K)
 Metaspace       used 118299K, committed 119168K, reserved 1179648K
  class space    used 16825K, committed 17216K, reserved 1048576K
}
Event: 2086.448 GC heap after
{Heap after GC invocations=48 (full 0):
 garbage-first heap   total 215040K, used 111730K [0x0000000080000000, 0x0000000100000000)
  region size 1024K, 6 young (6144K), 6 survivors (6144K)
 Metaspace       used 118299K, committed 119168K, reserved 1179648K
  class space    used 16825K, committed 17216K, reserved 1048576K
}
Event: 2088.903 GC heap before
{Heap before GC invocations=49 (full 0):
 garbage-first heap   total 215040K, used 176242K [0x0000000080000000, 0x0000000100000000)
  region size 1024K, 70 young (71680K), 6 survivors (6144K)
 Metaspace       used 119798K, committed 120448K, reserved 1179648K
  class space    used 16971K, committed 17280K, reserved 1048576K
}
Event: 2088.917 GC heap after
{Heap after GC invocations=50 (full 0):
 garbage-first heap   total 215040K, used 121494K [0x0000000080000000, 0x0000000100000000)
  region size 1024K, 9 young (9216K), 9 survivors (9216K)
 Metaspace       used 119798K, committed 120448K, reserved 1179648K
  class space    used 16971K, committed 17280K, reserved 1048576K
}
Event: 2088.925 GC heap before
{Heap before GC invocations=50 (full 0):
 garbage-first heap   total 215040K, used 121494K [0x0000000080000000, 0x0000000100000000)
  region size 1024K, 10 young (10240K), 9 survivors (9216K)
 Metaspace       used 119812K, committed 120448K, reserved 1179648K
  class space    used 16971K, committed 17280K, reserved 1048576K
}
Event: 2089.075 GC heap after
{Heap after GC invocations=51 (full 0):
 garbage-first heap   total 215040K, used 109250K [0x0000000080000000, 0x0000000100000000)
  region size 1024K, 2 young (2048K), 2 survivors (2048K)
 Metaspace       used 119812K, committed 120448K, reserved 1179648K
  class space    used 16971K, committed 17280K, reserved 1048576K
}
Event: 2089.373 GC heap before
{Heap before GC invocations=51 (full 0):
 garbage-first heap   total 215040K, used 117442K [0x0000000080000000, 0x0000000100000000)
  region size 1024K, 10 young (10240K), 2 survivors (2048K)
 Metaspace       used 120592K, committed 121344K, reserved 1179648K
  class space    used 17065K, committed 17408K, reserved 1048576K
}
Event: 2089.438 GC heap after
{Heap after GC invocations=52 (full 0):
 garbage-first heap   total 215040K, used 109568K [0x0000000080000000, 0x0000000100000000)
  region size 1024K, 2 young (2048K), 2 survivors (2048K)
 Metaspace       used 120592K, committed 121344K, reserved 1179648K
  class space    used 17065K, committed 17408K, reserved 1048576K
}
Event: 2090.194 GC heap before
{Heap before GC invocations=52 (full 0):
 garbage-first heap   total 215040K, used 141312K [0x0000000080000000, 0x0000000100000000)
  region size 1024K, 34 young (34816K), 2 survivors (2048K)
 Metaspace       used 121364K, committed 122176K, reserved 1179648K
  class space    used 17135K, committed 17536K, reserved 1048576K
}
Event: 2090.292 GC heap after
{Heap after GC invocations=53 (full 0):
 garbage-first heap   total 215040K, used 123211K [0x0000000080000000, 0x0000000100000000)
  region size 1024K, 8 young (8192K), 8 survivors (8192K)
 Metaspace       used 121364K, committed 122176K, reserved 1179648K
  class space    used 17135K, committed 17536K, reserved 1048576K
}
Event: 2090.944 GC heap before
{Heap before GC invocations=54 (full 0):
 garbage-first heap   total 215040K, used 168267K [0x0000000080000000, 0x0000000100000000)
  region size 1024K, 46 young (47104K), 8 survivors (8192K)
 Metaspace       used 121477K, committed 122240K, reserved 1179648K
  class space    used 17144K, committed 17536K, reserved 1048576K
}
Event: 2090.983 GC heap after
{Heap after GC invocations=55 (full 0):
 garbage-first heap   total 215040K, used 129855K [0x0000000080000000, 0x0000000100000000)
  region size 1024K, 6 young (6144K), 6 survivors (6144K)
 Metaspace       used 121477K, committed 122240K, reserved 1179648K
  class space    used 17144K, committed 17536K, reserved 1048576K
}
Event: 2091.069 GC heap before
{Heap before GC invocations=55 (full 0):
 garbage-first heap   total 215040K, used 150335K [0x0000000080000000, 0x0000000100000000)
  region size 1024K, 10 young (10240K), 6 survivors (6144K)
 Metaspace       used 121521K, committed 122304K, reserved 1179648K
  class space    used 17148K, committed 17536K, reserved 1048576K
}
Event: 2091.103 GC heap after
{Heap after GC invocations=56 (full 0):
 garbage-first heap   total 215040K, used 124240K [0x0000000080000000, 0x0000000100000000)
  region size 1024K, 2 young (2048K), 2 survivors (2048K)
 Metaspace       used 121521K, committed 122304K, reserved 1179648K
  class space    used 17148K, committed 17536K, reserved 1048576K
}
Event: 2091.321 GC heap before
{Heap before GC invocations=56 (full 0):
 garbage-first heap   total 215040K, used 163152K [0x0000000080000000, 0x0000000100000000)
  region size 1024K, 41 young (41984K), 2 survivors (2048K)
 Metaspace       used 124474K, committed 125248K, reserved 1179648K
  class space    used 17421K, committed 17792K, reserved 1048576K
}
Event: 2091.325 GC heap after
{Heap after GC invocations=57 (full 0):
 garbage-first heap   total 215040K, used 126317K [0x0000000080000000, 0x0000000100000000)
  region size 1024K, 4 young (4096K), 4 survivors (4096K)
 Metaspace       used 124474K, committed 125248K, reserved 1179648K
  class space    used 17421K, committed 17792K, reserved 1048576K
}
Event: 2091.673 GC heap before
{Heap before GC invocations=58 (full 0):
 garbage-first heap   total 230400K, used 166253K [0x0000000080000000, 0x0000000100000000)
  region size 1024K, 44 young (45056K), 4 survivors (4096K)
 Metaspace       used 126249K, committed 127040K, reserved 1179648K
  class space    used 17596K, committed 17984K, reserved 1048576K
}
Event: 2091.680 GC heap after
{Heap after GC invocations=59 (full 0):
 garbage-first heap   total 230400K, used 130645K [0x0000000080000000, 0x0000000100000000)
  region size 1024K, 6 young (6144K), 6 survivors (6144K)
 Metaspace       used 126249K, committed 127040K, reserved 1179648K
  class space    used 17596K, committed 17984K, reserved 1048576K
}
Event: 2091.715 GC heap before
{Heap before GC invocations=59 (full 0):
 garbage-first heap   total 230400K, used 135765K [0x0000000080000000, 0x0000000100000000)
  region size 1024K, 11 young (11264K), 6 survivors (6144K)
 Metaspace       used 126460K, committed 127232K, reserved 1179648K
  class space    used 17607K, committed 17984K, reserved 1048576K
}
Event: 2091.730 GC heap after
{Heap after GC invocations=60 (full 0):
 garbage-first heap   total 496640K, used 114688K [0x0000000080000000, 0x0000000100000000)
  region size 1024K, 2 young (2048K), 2 survivors (2048K)
 Metaspace       used 126460K, committed 127232K, reserved 1179648K
  class space    used 17607K, committed 17984K, reserved 1048576K
}

