# JRE version: OpenJDK Runtime Environment (17.0.7) (build 17.0.7+0-b2043.56-10550314)
# Java VM: OpenJDK 64-Bit Server VM (17.0.7+0-b2043.56-10550314, mixed mode, tiered, compressed oops, compressed class ptrs, g1 gc, windows-amd64)
GC Precious Log:
 CPUs: 8 total, 8 available
 Memory: 16167M
 Large Page Support: Disabled
 NUMA Support: Disabled
 Compressed Oops: Enabled (32-bit)
 Heap Region Size: 1M
 Heap Min Capacity: 8M
 Heap Initial Capacity: 254M
 Heap Max Capacity: 2G
 Pre-touch: Disabled
 Parallel Workers: 8
 Concurrent Workers: 2
 Concurrent Refinement Workers: 8
 Periodic GC: Disabled
Heap:
 garbage-first heap   total 382976K, used 255632K [0x0000000080000000, 0x0000000100000000)
  region size 1024K, 93 young (95232K), 11 survivors (11264K)
 Metaspace       used 126213K, committed 127168K, reserved 1179648K
  class space    used 17007K, committed 17472K, reserved 1048576K
GC Heap History (20 events):
Event: 14.650 GC heap before
{Heap before GC invocations=46 (full 0):
 garbage-first heap   total 244736K, used 152007K [0x0000000080000000, 0x0000000100000000)
  region size 1024K, 51 young (52224K), 4 survivors (4096K)
 Metaspace       used 101541K, committed 102208K, reserved 1179648K
  class space    used 13724K, committed 14080K, reserved 1048576K
}
Event: 14.657 GC heap after
{Heap after GC invocations=47 (full 0):
 garbage-first heap   total 244736K, used 106293K [0x0000000080000000, 0x0000000100000000)
  region size 1024K, 6 young (6144K), 6 survivors (6144K)
 Metaspace       used 101541K, committed 102208K, reserved 1179648K
  class space    used 13724K, committed 14080K, reserved 1048576K
}
Event: 14.675 GC heap before
{Heap before GC invocations=47 (full 0):
 garbage-first heap   total 244736K, used 110389K [0x0000000080000000, 0x0000000100000000)
  region size 1024K, 11 young (11264K), 6 survivors (6144K)
 Metaspace       used 101688K, committed 102400K, reserved 1179648K
  class space    used 13738K, committed 14080K, reserved 1048576K
}
Event: 14.683 GC heap after
{Heap after GC invocations=48 (full 0):
 garbage-first heap   total 382976K, used 103902K [0x0000000080000000, 0x0000000100000000)
  region size 1024K, 2 young (2048K), 2 survivors (2048K)
 Metaspace       used 101688K, committed 102400K, reserved 1179648K
  class space    used 13738K, committed 14080K, reserved 1048576K
}
Event: 15.744 GC heap before
{Heap before GC invocations=48 (full 0):
 garbage-first heap   total 382976K, used 241118K [0x0000000080000000, 0x0000000100000000)
  region size 1024K, 137 young (140288K), 2 survivors (2048K)
 Metaspace       used 103833K, committed 104512K, reserved 1179648K
  class space    used 13917K, committed 14272K, reserved 1048576K
}
Event: 15.751 GC heap after
{Heap after GC invocations=49 (full 0):
 garbage-first heap   total 382976K, used 109421K [0x0000000080000000, 0x0000000100000000)
  region size 1024K, 7 young (7168K), 7 survivors (7168K)
 Metaspace       used 103833K, committed 104512K, reserved 1179648K
  class space    used 13917K, committed 14272K, reserved 1048576K
}
Event: 45.872 GC heap before
{Heap before GC invocations=49 (full 0):
 garbage-first heap   total 382976K, used 276333K [0x0000000080000000, 0x0000000100000000)
  region size 1024K, 159 young (162816K), 7 survivors (7168K)
 Metaspace       used 108411K, committed 109248K, reserved 1179648K
  class space    used 14491K, committed 14912K, reserved 1048576K
}
Event: 45.879 GC heap after
{Heap after GC invocations=50 (full 0):
 garbage-first heap   total 382976K, used 117513K [0x0000000080000000, 0x0000000100000000)
  region size 1024K, 15 young (15360K), 15 survivors (15360K)
 Metaspace       used 108411K, committed 109248K, reserved 1179648K
  class space    used 14491K, committed 14912K, reserved 1048576K
}
Event: 46.705 GC heap before
{Heap before GC invocations=50 (full 0):
 garbage-first heap   total 382976K, used 303881K [0x0000000080000000, 0x0000000100000000)
  region size 1024K, 171 young (175104K), 15 survivors (15360K)
 Metaspace       used 108957K, committed 109760K, reserved 1179648K
  class space    used 14503K, committed 14912K, reserved 1048576K
}
Event: 46.717 GC heap after
{Heap after GC invocations=51 (full 0):
 garbage-first heap   total 382976K, used 131586K [0x0000000080000000, 0x0000000100000000)
  region size 1024K, 22 young (22528K), 22 survivors (22528K)
 Metaspace       used 108957K, committed 109760K, reserved 1179648K
  class space    used 14503K, committed 14912K, reserved 1048576K
}
Event: 72.121 GC heap before
{Heap before GC invocations=51 (full 0):
 garbage-first heap   total 382976K, used 294402K [0x0000000080000000, 0x0000000100000000)
  region size 1024K, 172 young (176128K), 22 survivors (22528K)
 Metaspace       used 109719K, committed 110592K, reserved 1179648K
  class space    used 14578K, committed 15040K, reserved 1048576K
}
Event: 72.134 GC heap after
{Heap after GC invocations=52 (full 0):
 garbage-first heap   total 382976K, used 147701K [0x0000000080000000, 0x0000000100000000)
  region size 1024K, 22 young (22528K), 22 survivors (22528K)
 Metaspace       used 109719K, committed 110592K, reserved 1179648K
  class space    used 14578K, committed 15040K, reserved 1048576K
}
Event: 84.458 GC heap before
{Heap before GC invocations=52 (full 0):
 garbage-first heap   total 382976K, used 291061K [0x0000000080000000, 0x0000000100000000)
  region size 1024K, 146 young (149504K), 22 survivors (22528K)
 Metaspace       used 110168K, committed 111104K, reserved 1179648K
  class space    used 14613K, committed 15104K, reserved 1048576K
}
Event: 84.470 GC heap after
{Heap after GC invocations=53 (full 0):
 garbage-first heap   total 382976K, used 157312K [0x0000000080000000, 0x0000000100000000)
  region size 1024K, 10 young (10240K), 10 survivors (10240K)
 Metaspace       used 110168K, committed 111104K, reserved 1179648K
  class space    used 14613K, committed 15104K, reserved 1048576K
}
Event: 84.838 GC heap before
{Heap before GC invocations=53 (full 0):
 garbage-first heap   total 382976K, used 309888K [0x0000000080000000, 0x0000000100000000)
  region size 1024K, 133 young (136192K), 10 survivors (10240K)
 Metaspace       used 110354K, committed 111296K, reserved 1179648K
  class space    used 14629K, committed 15104K, reserved 1048576K
}
Event: 84.847 GC heap after
{Heap after GC invocations=54 (full 0):
 garbage-first heap   total 382976K, used 162278K [0x0000000080000000, 0x0000000100000000)
  region size 1024K, 15 young (15360K), 15 survivors (15360K)
 Metaspace       used 110354K, committed 111296K, reserved 1179648K
  class space    used 14629K, committed 15104K, reserved 1048576K
}
Event: 148.936 GC heap before
{Heap before GC invocations=54 (full 0):
 garbage-first heap   total 382976K, used 290278K [0x0000000080000000, 0x0000000100000000)
  region size 1024K, 141 young (144384K), 15 survivors (15360K)
 Metaspace       used 110693K, committed 111680K, reserved 1179648K
  class space    used 14645K, committed 15104K, reserved 1048576K
}
Event: 148.944 GC heap after
{Heap after GC invocations=55 (full 0):
 garbage-first heap   total 382976K, used 163859K [0x0000000080000000, 0x0000000100000000)
  region size 1024K, 13 young (13312K), 13 survivors (13312K)
 Metaspace       used 110693K, committed 111680K, reserved 1179648K
  class space    used 14645K, committed 15104K, reserved 1048576K
}
Event: 149.820 GC heap before
{Heap before GC invocations=55 (full 0):
 garbage-first heap   total 382976K, used 294931K [0x0000000080000000, 0x0000000100000000)
  region size 1024K, 140 young (143360K), 13 survivors (13312K)
 Metaspace       used 120165K, committed 121088K, reserved 1179648K
  class space    used 16113K, committed 16576K, reserved 1048576K
}
Event: 149.830 GC heap after
{Heap after GC invocations=56 (full 0):
 garbage-first heap   total 382976K, used 172688K [0x0000000080000000, 0x0000000100000000)
  region size 1024K, 11 young (11264K), 11 survivors (11264K)
 Metaspace       used 120165K, committed 121088K, reserved 1179648K
  class space    used 16113K, committed 16576K, reserved 1048576K
}

