# JRE version: OpenJDK Runtime Environment (17.0.7) (build 17.0.7+0-b2043.56-10550314)
# Java VM: OpenJDK 64-Bit Server VM (17.0.7+0-b2043.56-10550314, mixed mode, tiered, compressed oops, compressed class ptrs, g1 gc, windows-amd64)
GC Precious Log:
 CPUs: 8 total, 8 available
 Memory: 16167M
 Large Page Support: Disabled
 NUMA Support: Disabled
 Compressed Oops: Enabled (32-bit)
 Heap Region Size: 1M
 Heap Min Capacity: 8M
 Heap Initial Capacity: 254M
 Heap Max Capacity: 2G
 Pre-touch: Disabled
 Parallel Workers: 8
 Concurrent Workers: 2
 Concurrent Refinement Workers: 8
 Periodic GC: Disabled
Heap:
 garbage-first heap   total 560128K, used 184503K [0x0000000080000000, 0x0000000100000000)
  region size 1024K, 9 young (9216K), 9 survivors (9216K)
 Metaspace       used 139772K, committed 141120K, reserved 1179648K
  class space    used 18837K, committed 19456K, reserved 1048576K
GC Heap History (20 events):
Event: 540.419 GC heap after
{Heap after GC invocations=89 (full 0):
 garbage-first heap   total 560128K, used 174597K [0x0000000080000000, 0x0000000100000000)
  region size 1024K, 1 young (1024K), 1 survivors (1024K)
 Metaspace       used 138744K, committed 139840K, reserved 1179648K
  class space    used 18716K, committed 19264K, reserved 1048576K
}
Event: 540.463 GC heap before
{Heap before GC invocations=89 (full 0):
 garbage-first heap   total 560128K, used 200197K [0x0000000080000000, 0x0000000100000000)
  region size 1024K, 28 young (28672K), 1 survivors (1024K)
 Metaspace       used 138745K, committed 139840K, reserved 1179648K
  class space    used 18716K, committed 19264K, reserved 1048576K
}
Event: 540.468 GC heap after
{Heap after GC invocations=90 (full 0):
 garbage-first heap   total 560128K, used 182964K [0x0000000080000000, 0x0000000100000000)
  region size 1024K, 10 young (10240K), 10 survivors (10240K)
 Metaspace       used 138745K, committed 139840K, reserved 1179648K
  class space    used 18716K, committed 19264K, reserved 1048576K
}
Event: 572.094 GC heap before
{Heap before GC invocations=91 (full 0):
 garbage-first heap   total 560128K, used 428724K [0x0000000080000000, 0x0000000100000000)
  region size 1024K, 224 young (229376K), 10 survivors (10240K)
 Metaspace       used 139317K, committed 140672K, reserved 1179648K
  class space    used 18831K, committed 19456K, reserved 1048576K
}
Event: 572.113 GC heap after
{Heap after GC invocations=92 (full 0):
 garbage-first heap   total 560128K, used 192007K [0x0000000080000000, 0x0000000100000000)
  region size 1024K, 28 young (28672K), 28 survivors (28672K)
 Metaspace       used 139317K, committed 140672K, reserved 1179648K
  class space    used 18831K, committed 19456K, reserved 1048576K
}
Event: 572.115 GC heap before
{Heap before GC invocations=92 (full 0):
 garbage-first heap   total 560128K, used 193031K [0x0000000080000000, 0x0000000100000000)
  region size 1024K, 29 young (29696K), 28 survivors (28672K)
 Metaspace       used 139317K, committed 140672K, reserved 1179648K
  class space    used 18831K, committed 19456K, reserved 1048576K
}
Event: 572.132 GC heap after
{Heap after GC invocations=93 (full 0):
 garbage-first heap   total 560128K, used 178352K [0x0000000080000000, 0x0000000100000000)
  region size 1024K, 3 young (3072K), 3 survivors (3072K)
 Metaspace       used 139317K, committed 140672K, reserved 1179648K
  class space    used 18831K, committed 19456K, reserved 1048576K
}
Event: 572.214 GC heap before
{Heap before GC invocations=93 (full 0):
 garbage-first heap   total 560128K, used 215216K [0x0000000080000000, 0x0000000100000000)
  region size 1024K, 41 young (41984K), 3 survivors (3072K)
 Metaspace       used 139317K, committed 140672K, reserved 1179648K
  class space    used 18831K, committed 19456K, reserved 1048576K
}
Event: 572.221 GC heap after
{Heap after GC invocations=94 (full 0):
 garbage-first heap   total 560128K, used 185449K [0x0000000080000000, 0x0000000100000000)
  region size 1024K, 10 young (10240K), 10 survivors (10240K)
 Metaspace       used 139317K, committed 140672K, reserved 1179648K
  class space    used 18831K, committed 19456K, reserved 1048576K
}
Event: 642.218 GC heap before
{Heap before GC invocations=95 (full 0):
 garbage-first heap   total 560128K, used 431209K [0x0000000080000000, 0x0000000100000000)
  region size 1024K, 228 young (233472K), 10 survivors (10240K)
 Metaspace       used 139593K, committed 140928K, reserved 1179648K
  class space    used 18836K, committed 19456K, reserved 1048576K
}
Event: 642.230 GC heap after
{Heap after GC invocations=96 (full 0):
 garbage-first heap   total 560128K, used 191316K [0x0000000080000000, 0x0000000100000000)
  region size 1024K, 29 young (29696K), 29 survivors (29696K)
 Metaspace       used 139593K, committed 140928K, reserved 1179648K
  class space    used 18836K, committed 19456K, reserved 1048576K
}
Event: 642.231 GC heap before
{Heap before GC invocations=96 (full 0):
 garbage-first heap   total 560128K, used 192340K [0x0000000080000000, 0x0000000100000000)
  region size 1024K, 30 young (30720K), 29 survivors (29696K)
 Metaspace       used 139593K, committed 140928K, reserved 1179648K
  class space    used 18836K, committed 19456K, reserved 1048576K
}
Event: 642.243 GC heap after
{Heap after GC invocations=97 (full 0):
 garbage-first heap   total 560128K, used 177848K [0x0000000080000000, 0x0000000100000000)
  region size 1024K, 3 young (3072K), 3 survivors (3072K)
 Metaspace       used 139593K, committed 140928K, reserved 1179648K
  class space    used 18836K, committed 19456K, reserved 1048576K
}
Event: 642.285 GC heap before
{Heap before GC invocations=97 (full 0):
 garbage-first heap   total 560128K, used 210616K [0x0000000080000000, 0x0000000100000000)
  region size 1024K, 36 young (36864K), 3 survivors (3072K)
 Metaspace       used 139593K, committed 140928K, reserved 1179648K
  class space    used 18836K, committed 19456K, reserved 1048576K
}
Event: 642.290 GC heap after
{Heap after GC invocations=98 (full 0):
 garbage-first heap   total 560128K, used 184662K [0x0000000080000000, 0x0000000100000000)
  region size 1024K, 10 young (10240K), 10 survivors (10240K)
 Metaspace       used 139593K, committed 140928K, reserved 1179648K
  class space    used 18836K, committed 19456K, reserved 1048576K
}
Event: 663.777 GC heap before
{Heap before GC invocations=99 (full 0):
 garbage-first heap   total 560128K, used 432470K [0x0000000080000000, 0x0000000100000000)
  region size 1024K, 227 young (232448K), 10 survivors (10240K)
 Metaspace       used 139772K, committed 141120K, reserved 1179648K
  class space    used 18837K, committed 19456K, reserved 1048576K
}
Event: 663.789 GC heap after
{Heap after GC invocations=100 (full 0):
 garbage-first heap   total 560128K, used 193669K [0x0000000080000000, 0x0000000100000000)
  region size 1024K, 29 young (29696K), 29 survivors (29696K)
 Metaspace       used 139772K, committed 141120K, reserved 1179648K
  class space    used 18837K, committed 19456K, reserved 1048576K
}
Event: 663.790 GC heap before
{Heap before GC invocations=100 (full 0):
 garbage-first heap   total 560128K, used 194693K [0x0000000080000000, 0x0000000100000000)
  region size 1024K, 30 young (30720K), 29 survivors (29696K)
 Metaspace       used 139772K, committed 141120K, reserved 1179648K
  class space    used 18837K, committed 19456K, reserved 1048576K
}
Event: 663.803 GC heap after
{Heap after GC invocations=101 (full 0):
 garbage-first heap   total 560128K, used 177593K [0x0000000080000000, 0x0000000100000000)
  region size 1024K, 2 young (2048K), 2 survivors (2048K)
 Metaspace       used 139772K, committed 141120K, reserved 1179648K
  class space    used 18837K, committed 19456K, reserved 1048576K
}
Event: 663.841 GC heap before
{Heap before GC invocations=101 (full 0):
 garbage-first heap   total 560128K, used 208313K [0x0000000080000000, 0x0000000100000000)
  region size 1024K, 34 young (34816K), 2 survivors (2048K)
 Metaspace       used 139772K, committed 141120K, reserved 1179648K
  class space    used 18837K, committed 19456K, reserved 1048576K
}

